2025-04-06 17:13:09,958 - __main__ - INFO - Running retail deficit model...
2025-04-06 17:13:18,823 - __main__ - INFO - Retail deficit model complete. Results saved to output
2025-04-06 17:13:18,824 - __main__ - INFO - Running retail spending and void analysis...
2025-04-06 17:13:21,300 - __main__ - INFO - Retail spending analysis complete. Results saved to output
2025-04-06 17:13:21,333 - __main__ - INFO - Report generated and saved to reports/retail_spending_analysis_report.md
2025-04-06 17:13:21,334 - __main__ - INFO - Retail analysis complete
2025-04-06 17:19:59,423 - __main__ - INFO - Running retail deficit model...
2025-04-06 17:20:06,326 - __main__ - INFO - Retail deficit model complete. Results saved to output
2025-04-06 17:20:06,327 - __main__ - INFO - Running retail spending and void analysis...
2025-04-06 17:20:11,226 - __main__ - INFO - Retail spending analysis complete. Results saved to output
2025-04-06 17:20:11,271 - __main__ - INFO - Report generated and saved to reports/retail_spending_analysis_report.md
2025-04-06 17:20:11,272 - __main__ - INFO - Retail analysis complete
2025-04-06 17:25:36,797 - __main__ - INFO - Running retail deficit model...
2025-04-06 17:25:42,733 - __main__ - INFO - Retail deficit model complete. Results saved to output
2025-04-06 17:25:42,734 - __main__ - INFO - Running retail spending and void analysis...
2025-04-06 17:25:49,707 - __main__ - INFO - Retail spending analysis complete. Results saved to output
2025-04-06 17:25:49,738 - __main__ - INFO - Report generated and saved to reports/retail_spending_analysis_report.md
2025-04-06 17:25:49,738 - __main__ - INFO - Retail analysis complete
2025-04-06 17:26:42,940 - __main__ - INFO - Running retail deficit model...
2025-04-06 17:26:50,086 - __main__ - INFO - Retail deficit model complete. Results saved to output
2025-04-06 17:26:50,122 - __main__ - INFO - Running retail spending and void analysis...
2025-04-06 17:26:57,945 - __main__ - INFO - Retail spending analysis complete. Results saved to output
2025-04-06 17:26:57,998 - __main__ - INFO - Report generated and saved to reports/retail_spending_analysis_report.md
2025-04-06 17:26:57,998 - __main__ - INFO - Retail analysis complete
2025-04-06 17:27:54,982 - __main__ - INFO - Running retail deficit model...
2025-04-06 17:28:04,925 - __main__ - INFO - Retail deficit model complete. Results saved to output
2025-04-06 17:28:04,926 - __main__ - INFO - Running retail spending and void analysis...
2025-04-06 17:28:14,133 - __main__ - INFO - Retail spending analysis complete. Results saved to output
2025-04-06 17:28:14,212 - __main__ - INFO - Report generated and saved to reports/retail_spending_analysis_report.md
2025-04-06 17:28:14,212 - __main__ - INFO - Retail analysis complete
